  A2_team4.cpp
  The contents of <filesystem> are available only with C++17 or later.
D:\Main\Concordia University\Course Works\Term 5\Comp 371\Assignment 3\Source\shader.h(42,40): warning C4101: 'e': unreferenced local variable
D:\Main\Concordia University\Course Works\Term 5\Comp 371\Assignment 3\Source\OBJloader.h(20,9): warning C4996: 'fopen': This function or variable may be unsafe. Consider using fopen_s instead. To disable deprecation, use _CRT_SECURE_NO_WARNINGS. See online help for details.
D:\Main\Concordia University\Course Works\Term 5\Comp 371\Assignment 3\Source\OBJloader.h(31,13): warning C4996: 'fscanf': This function or variable may be unsafe. Consider using fscanf_s instead. To disable deprecation, use _CRT_SECURE_NO_WARNINGS. See online help for details.
D:\Main\Concordia University\Course Works\Term 5\Comp 371\Assignment 3\Source\OBJloader.h(39,13): warning C4996: 'fscanf': This function or variable may be unsafe. Consider using fscanf_s instead. To disable deprecation, use _CRT_SECURE_NO_WARNINGS. See online help for details.
D:\Main\Concordia University\Course Works\Term 5\Comp 371\Assignment 3\Source\OBJloader.h(44,13): warning C4996: 'fscanf': This function or variable may be unsafe. Consider using fscanf_s instead. To disable deprecation, use _CRT_SECURE_NO_WARNINGS. See online help for details.
D:\Main\Concordia University\Course Works\Term 5\Comp 371\Assignment 3\Source\OBJloader.h(50,13): warning C4996: 'fscanf': This function or variable may be unsafe. Consider using fscanf_s instead. To disable deprecation, use _CRT_SECURE_NO_WARNINGS. See online help for details.
D:\Main\Concordia University\Course Works\Term 5\Comp 371\Assignment 3\Source\OBJloader.h(60,18): warning C4996: 'sscanf': This function or variable may be unsafe. Consider using sscanf_s instead. To disable deprecation, use _CRT_SECURE_NO_WARNINGS. See online help for details.
D:\Main\Concordia University\Course Works\Term 5\Comp 371\Assignment 3\Source\OBJloader.h(63,27): warning C4996: 'sscanf': This function or variable may be unsafe. Consider using sscanf_s instead. To disable deprecation, use _CRT_SECURE_NO_WARNINGS. See online help for details.
D:\Main\Concordia University\Course Works\Term 5\Comp 371\Assignment 3\Source\OBJloader.h(66,31): warning C4996: 'sscanf': This function or variable may be unsafe. Consider using sscanf_s instead. To disable deprecation, use _CRT_SECURE_NO_WARNINGS. See online help for details.
D:\Main\Concordia University\Course Works\Term 5\Comp 371\Assignment 3\Source\OBJloader.h(69,35): warning C4996: 'sscanf': This function or variable may be unsafe. Consider using sscanf_s instead. To disable deprecation, use _CRT_SECURE_NO_WARNINGS. See online help for details.
D:\Main\Concordia University\Course Works\Term 5\Comp 371\Assignment 3\Source\A2_team4.cpp(297,20): warning C4018: '<': signed/unsigned mismatch
D:\Main\Concordia University\Course Works\Term 5\Comp 371\Assignment 3\Source\A2_team4.cpp(303,20): warning C4018: '<': signed/unsigned mismatch
D:\Main\Concordia University\Course Works\Term 5\Comp 371\Assignment 3\Source\A2_team4.cpp(777,20): warning C4018: '<': signed/unsigned mismatch
D:\Main\Concordia University\Course Works\Term 5\Comp 371\Assignment 3\Source\A2_team4.cpp(809,20): warning C4018: '<': signed/unsigned mismatch
D:\Main\Concordia University\Course Works\Term 5\Comp 371\Assignment 3\Source\A2_team4.cpp(843,21): warning C4018: '<': signed/unsigned mismatch
D:\Main\Concordia University\Course Works\Term 5\Comp 371\Assignment 3\Source\A2_team4.cpp(899,21): warning C4018: '<': signed/unsigned mismatch
D:\Main\Concordia University\Course Works\Term 5\Comp 371\Assignment 3\Source\A2_team4.cpp(903,22): warning C4018: '<': signed/unsigned mismatch
D:\Main\Concordia University\Course Works\Term 5\Comp 371\Assignment 3\Source\A2_team4.cpp(1002,20): warning C4018: '<': signed/unsigned mismatch
D:\Main\Concordia University\Course Works\Term 5\Comp 371\Assignment 3\Source\A2_team4.cpp(1127,20): warning C4018: '<': signed/unsigned mismatch
D:\Main\Concordia University\Course Works\Term 5\Comp 371\Assignment 3\Source\A2_team4.cpp(1199,23): warning C4244: '+=': conversion from 'float' to 'int', possible loss of data
D:\Main\Concordia University\Course Works\Term 5\Comp 371\Assignment 3\Source\A2_team4.cpp(1208,23): warning C4244: '+=': conversion from 'float' to 'int', possible loss of data
D:\Main\Concordia University\Course Works\Term 5\Comp 371\Assignment 3\Source\A2_team4.cpp(1217,23): warning C4244: '+=': conversion from 'float' to 'int', possible loss of data
D:\Main\Concordia University\Course Works\Term 5\Comp 371\Assignment 3\Source\A2_team4.cpp(1226,23): warning C4244: '+=': conversion from 'float' to 'int', possible loss of data
D:\Main\Concordia University\Course Works\Term 5\Comp 371\Assignment 3\Source\A2_team4.cpp(1235,23): warning C4244: '+=': conversion from 'float' to 'int', possible loss of data
D:\Main\Concordia University\Course Works\Term 5\Comp 371\Assignment 3\Source\A2_team4.cpp(1244,23): warning C4244: '+=': conversion from 'float' to 'int', possible loss of data
D:\Main\Concordia University\Course Works\Term 5\Comp 371\Assignment 3\Source\A2_team4.cpp(1255,21): warning C4244: 'initializing': conversion from 'double' to 'float', possible loss of data
D:\Main\Concordia University\Course Works\Term 5\Comp 371\Assignment 3\Source\A2_team4.cpp(1403,24): warning C4244: '-=': conversion from 'double' to 'float', possible loss of data
D:\Main\Concordia University\Course Works\Term 5\Comp 371\Assignment 3\Source\A2_team4.cpp(1419,22): warning C4244: '+=': conversion from 'double' to 'float', possible loss of data
D:\Main\Concordia University\Course Works\Term 5\Comp 371\Assignment 3\Source\A2_team4.cpp(1440,23): warning C4244: '-=': conversion from 'double' to 'float', possible loss of data
D:\Main\Concordia University\Course Works\Term 5\Comp 371\Assignment 3\Source\A2_team4.cpp(1446,21): warning C4244: '+=': conversion from 'double' to 'float', possible loss of data
D:\Main\Concordia University\Course Works\Term 5\Comp 371\Assignment 3\Source\A2_team4.cpp(1665,20): warning C4018: '<': signed/unsigned mismatch
D:\Main\Concordia University\Course Works\Term 5\Comp 371\Assignment 3\Source\A2_team4.cpp(1669,22): warning C4305: '=': truncation from 'double' to 'float'
D:\Main\Concordia University\Course Works\Term 5\Comp 371\Assignment 3\Source\A2_team4.cpp(1669,42): warning C4305: '=': truncation from 'double' to 'float'
D:\Main\Concordia University\Course Works\Term 5\Comp 371\Assignment 3\Source\A2_team4.cpp(1672,12): warning C4305: '=': truncation from 'double' to 'float'
D:\Main\Concordia University\Course Works\Term 5\Comp 371\Assignment 3\Source\A2_team4.cpp(1672,22): warning C4305: '=': truncation from 'double' to 'float'
D:\Main\Concordia University\Course Works\Term 5\Comp 371\Assignment 3\Source\A2_team4.cpp(1672,42): warning C4305: '=': truncation from 'double' to 'float'
D:\Main\Concordia University\Course Works\Term 5\Comp 371\Assignment 3\Source\A2_team4.cpp(1675,12): warning C4305: '=': truncation from 'double' to 'float'
D:\Main\Concordia University\Course Works\Term 5\Comp 371\Assignment 3\Source\A2_team4.cpp(1675,22): warning C4305: '=': truncation from 'double' to 'float'
D:\Main\Concordia University\Course Works\Term 5\Comp 371\Assignment 3\Source\A2_team4.cpp(1675,42): warning C4305: '=': truncation from 'double' to 'float'
D:\Main\Concordia University\Course Works\Term 5\Comp 371\Assignment 3\Source\A2_team4.cpp(1678,12): warning C4305: '=': truncation from 'double' to 'float'
D:\Main\Concordia University\Course Works\Term 5\Comp 371\Assignment 3\Source\A2_team4.cpp(1678,22): warning C4305: '=': truncation from 'double' to 'float'
D:\Main\Concordia University\Course Works\Term 5\Comp 371\Assignment 3\Source\A2_team4.cpp(1678,42): warning C4305: '=': truncation from 'double' to 'float'
D:\Main\Concordia University\Course Works\Term 5\Comp 371\Assignment 3\Source\A2_team4.cpp(1681,12): warning C4305: '=': truncation from 'double' to 'float'
D:\Main\Concordia University\Course Works\Term 5\Comp 371\Assignment 3\Source\A2_team4.cpp(1681,42): warning C4305: '=': truncation from 'double' to 'float'
D:\Main\Concordia University\Course Works\Term 5\Comp 371\Assignment 3\Source\A2_team4.cpp(1684,22): warning C4305: '=': truncation from 'double' to 'float'
D:\Main\Concordia University\Course Works\Term 5\Comp 371\Assignment 3\Source\A2_team4.cpp(1684,42): warning C4305: '=': truncation from 'double' to 'float'
D:\Main\Concordia University\Course Works\Term 5\Comp 371\Assignment 3\Source\A2_team4.cpp(1687,12): warning C4305: '=': truncation from 'double' to 'float'
D:\Main\Concordia University\Course Works\Term 5\Comp 371\Assignment 3\Source\A2_team4.cpp(1687,22): warning C4305: '=': truncation from 'double' to 'float'
D:\Main\Concordia University\Course Works\Term 5\Comp 371\Assignment 3\Source\A2_team4.cpp(1687,42): warning C4305: '=': truncation from 'double' to 'float'
D:\Main\Concordia University\Course Works\Term 5\Comp 371\Assignment 3\Source\A2_team4.cpp(1690,12): warning C4305: '=': truncation from 'double' to 'float'
D:\Main\Concordia University\Course Works\Term 5\Comp 371\Assignment 3\Source\A2_team4.cpp(1690,22): warning C4305: '=': truncation from 'double' to 'float'
D:\Main\Concordia University\Course Works\Term 5\Comp 371\Assignment 3\Source\A2_team4.cpp(1690,42): warning C4305: '=': truncation from 'double' to 'float'
D:\Main\Concordia University\Course Works\Term 5\Comp 371\Assignment 3\Source\A2_team4.cpp(1693,12): warning C4305: '=': truncation from 'double' to 'float'
D:\Main\Concordia University\Course Works\Term 5\Comp 371\Assignment 3\Source\A2_team4.cpp(1693,22): warning C4305: '=': truncation from 'double' to 'float'
D:\Main\Concordia University\Course Works\Term 5\Comp 371\Assignment 3\Source\A2_team4.cpp(1693,42): warning C4305: '=': truncation from 'double' to 'float'
D:\Main\Concordia University\Course Works\Term 5\Comp 371\Assignment 3\Source\A2_team4.cpp(1696,12): warning C4305: '=': truncation from 'double' to 'float'
D:\Main\Concordia University\Course Works\Term 5\Comp 371\Assignment 3\Source\A2_team4.cpp(1696,42): warning C4305: '=': truncation from 'double' to 'float'
D:\Main\Concordia University\Course Works\Term 5\Comp 371\Assignment 3\Source\A2_team4.cpp(1699,22): warning C4305: '=': truncation from 'double' to 'float'
D:\Main\Concordia University\Course Works\Term 5\Comp 371\Assignment 3\Source\A2_team4.cpp(1699,32): warning C4305: '=': truncation from 'double' to 'float'
D:\Main\Concordia University\Course Works\Term 5\Comp 371\Assignment 3\Source\A2_team4.cpp(1699,42): warning C4305: '=': truncation from 'double' to 'float'
D:\Main\Concordia University\Course Works\Term 5\Comp 371\Assignment 3\Source\A2_team4.cpp(1702,12): warning C4305: '=': truncation from 'double' to 'float'
D:\Main\Concordia University\Course Works\Term 5\Comp 371\Assignment 3\Source\A2_team4.cpp(1702,22): warning C4305: '=': truncation from 'double' to 'float'
D:\Main\Concordia University\Course Works\Term 5\Comp 371\Assignment 3\Source\A2_team4.cpp(1702,32): warning C4305: '=': truncation from 'double' to 'float'
D:\Main\Concordia University\Course Works\Term 5\Comp 371\Assignment 3\Source\A2_team4.cpp(1702,42): warning C4305: '=': truncation from 'double' to 'float'
D:\Main\Concordia University\Course Works\Term 5\Comp 371\Assignment 3\Source\A2_team4.cpp(1705,12): warning C4305: '=': truncation from 'double' to 'float'
D:\Main\Concordia University\Course Works\Term 5\Comp 371\Assignment 3\Source\A2_team4.cpp(1705,22): warning C4305: '=': truncation from 'double' to 'float'
D:\Main\Concordia University\Course Works\Term 5\Comp 371\Assignment 3\Source\A2_team4.cpp(1705,32): warning C4305: '=': truncation from 'double' to 'float'
D:\Main\Concordia University\Course Works\Term 5\Comp 371\Assignment 3\Source\A2_team4.cpp(1705,42): warning C4305: '=': truncation from 'double' to 'float'
D:\Main\Concordia University\Course Works\Term 5\Comp 371\Assignment 3\Source\A2_team4.cpp(1708,12): warning C4305: '=': truncation from 'double' to 'float'
D:\Main\Concordia University\Course Works\Term 5\Comp 371\Assignment 3\Source\A2_team4.cpp(1708,22): warning C4305: '=': truncation from 'double' to 'float'
D:\Main\Concordia University\Course Works\Term 5\Comp 371\Assignment 3\Source\A2_team4.cpp(1708,32): warning C4305: '=': truncation from 'double' to 'float'
D:\Main\Concordia University\Course Works\Term 5\Comp 371\Assignment 3\Source\A2_team4.cpp(1708,42): warning C4305: '=': truncation from 'double' to 'float'
D:\Main\Concordia University\Course Works\Term 5\Comp 371\Assignment 3\Source\A2_team4.cpp(1711,12): warning C4305: '=': truncation from 'double' to 'float'
D:\Main\Concordia University\Course Works\Term 5\Comp 371\Assignment 3\Source\A2_team4.cpp(1711,32): warning C4305: '=': truncation from 'double' to 'float'
D:\Main\Concordia University\Course Works\Term 5\Comp 371\Assignment 3\Source\A2_team4.cpp(1711,42): warning C4305: '=': truncation from 'double' to 'float'
D:\Main\Concordia University\Course Works\Term 5\Comp 371\Assignment 3\Source\A2_team4.cpp(1714,22): warning C4305: '=': truncation from 'double' to 'float'
D:\Main\Concordia University\Course Works\Term 5\Comp 371\Assignment 3\Source\A2_team4.cpp(1714,32): warning C4305: '=': truncation from 'double' to 'float'
D:\Main\Concordia University\Course Works\Term 5\Comp 371\Assignment 3\Source\A2_team4.cpp(1714,42): warning C4305: '=': truncation from 'double' to 'float'
D:\Main\Concordia University\Course Works\Term 5\Comp 371\Assignment 3\Source\A2_team4.cpp(1717,12): warning C4305: '=': truncation from 'double' to 'float'
D:\Main\Concordia University\Course Works\Term 5\Comp 371\Assignment 3\Source\A2_team4.cpp(1717,22): warning C4305: '=': truncation from 'double' to 'float'
D:\Main\Concordia University\Course Works\Term 5\Comp 371\Assignment 3\Source\A2_team4.cpp(1717,32): warning C4305: '=': truncation from 'double' to 'float'
D:\Main\Concordia University\Course Works\Term 5\Comp 371\Assignment 3\Source\A2_team4.cpp(1717,42): warning C4305: '=': truncation from 'double' to 'float'
D:\Main\Concordia University\Course Works\Term 5\Comp 371\Assignment 3\Source\A2_team4.cpp(1720,12): warning C4305: '=': truncation from 'double' to 'float'
D:\Main\Concordia University\Course Works\Term 5\Comp 371\Assignment 3\Source\A2_team4.cpp(1720,22): warning C4305: '=': truncation from 'double' to 'float'
D:\Main\Concordia University\Course Works\Term 5\Comp 371\Assignment 3\Source\A2_team4.cpp(1720,32): warning C4305: '=': truncation from 'double' to 'float'
D:\Main\Concordia University\Course Works\Term 5\Comp 371\Assignment 3\Source\A2_team4.cpp(1720,42): warning C4305: '=': truncation from 'double' to 'float'
D:\Main\Concordia University\Course Works\Term 5\Comp 371\Assignment 3\Source\A2_team4.cpp(1723,12): warning C4305: '=': truncation from 'double' to 'float'
D:\Main\Concordia University\Course Works\Term 5\Comp 371\Assignment 3\Source\A2_team4.cpp(1723,22): warning C4305: '=': truncation from 'double' to 'float'
D:\Main\Concordia University\Course Works\Term 5\Comp 371\Assignment 3\Source\A2_team4.cpp(1723,32): warning C4305: '=': truncation from 'double' to 'float'
D:\Main\Concordia University\Course Works\Term 5\Comp 371\Assignment 3\Source\A2_team4.cpp(1723,42): warning C4305: '=': truncation from 'double' to 'float'
D:\Main\Concordia University\Course Works\Term 5\Comp 371\Assignment 3\Source\A2_team4.cpp(1726,12): warning C4305: '=': truncation from 'double' to 'float'
D:\Main\Concordia University\Course Works\Term 5\Comp 371\Assignment 3\Source\A2_team4.cpp(1726,32): warning C4305: '=': truncation from 'double' to 'float'
D:\Main\Concordia University\Course Works\Term 5\Comp 371\Assignment 3\Source\A2_team4.cpp(1726,42): warning C4305: '=': truncation from 'double' to 'float'
D:\Main\Concordia University\Course Works\Term 5\Comp 371\Assignment 3\Source\A2_team4.cpp(1729,22): warning C4305: '=': truncation from 'double' to 'float'
D:\Main\Concordia University\Course Works\Term 5\Comp 371\Assignment 3\Source\A2_team4.cpp(1729,32): warning C4305: '=': truncation from 'double' to 'float'
D:\Main\Concordia University\Course Works\Term 5\Comp 371\Assignment 3\Source\A2_team4.cpp(1729,42): warning C4305: '=': truncation from 'double' to 'float'
D:\Main\Concordia University\Course Works\Term 5\Comp 371\Assignment 3\Source\A2_team4.cpp(1732,12): warning C4305: '=': truncation from 'double' to 'float'
D:\Main\Concordia University\Course Works\Term 5\Comp 371\Assignment 3\Source\A2_team4.cpp(1732,22): warning C4305: '=': truncation from 'double' to 'float'
D:\Main\Concordia University\Course Works\Term 5\Comp 371\Assignment 3\Source\A2_team4.cpp(1732,32): warning C4305: '=': truncation from 'double' to 'float'
D:\Main\Concordia University\Course Works\Term 5\Comp 371\Assignment 3\Source\A2_team4.cpp(1732,42): warning C4305: '=': truncation from 'double' to 'float'
D:\Main\Concordia University\Course Works\Term 5\Comp 371\Assignment 3\Source\A2_team4.cpp(1735,12): warning C4305: '=': truncation from 'double' to 'float'
D:\Main\Concordia University\Course Works\Term 5\Comp 371\Assignment 3\Source\A2_team4.cpp(1735,22): warning C4305: '=': truncation from 'double' to 'float'
D:\Main\Concordia University\Course Works\Term 5\Comp 371\Assignment 3\Source\A2_team4.cpp(1735,32): warning C4305: '=': truncation from 'double' to 'float'
D:\Main\Concordia University\Course Works\Term 5\Comp 371\Assignment 3\Source\A2_team4.cpp(1735,42): warning C4305: '=': truncation from 'double' to 'float'
D:\Main\Concordia University\Course Works\Term 5\Comp 371\Assignment 3\Source\A2_team4.cpp(1738,12): warning C4305: '=': truncation from 'double' to 'float'
D:\Main\Concordia University\Course Works\Term 5\Comp 371\Assignment 3\Source\A2_team4.cpp(1738,22): warning C4305: '=': truncation from 'double' to 'float'
D:\Main\Concordia University\Course Works\Term 5\Comp 371\Assignment 3\Source\A2_team4.cpp(1738,32): warning C4305: '=': truncation from 'double' to 'float'
D:\Main\Concordia University\Course Works\Term 5\Comp 371\Assignment 3\Source\A2_team4.cpp(1738,42): warning C4305: '=': truncation from 'double' to 'float'
D:\Main\Concordia University\Course Works\Term 5\Comp 371\Assignment 3\Source\A2_team4.cpp(1741,12): warning C4305: '=': truncation from 'double' to 'float'
D:\Main\Concordia University\Course Works\Term 5\Comp 371\Assignment 3\Source\A2_team4.cpp(1741,32): warning C4305: '=': truncation from 'double' to 'float'
D:\Main\Concordia University\Course Works\Term 5\Comp 371\Assignment 3\Source\A2_team4.cpp(1741,42): warning C4305: '=': truncation from 'double' to 'float'
D:\Main\Concordia University\Course Works\Term 5\Comp 371\Assignment 3\Source\A2_team4.cpp(1744,22): warning C4305: '=': truncation from 'double' to 'float'
D:\Main\Concordia University\Course Works\Term 5\Comp 371\Assignment 3\Source\A2_team4.cpp(1744,32): warning C4305: '=': truncation from 'double' to 'float'
D:\Main\Concordia University\Course Works\Term 5\Comp 371\Assignment 3\Source\A2_team4.cpp(1744,42): warning C4305: '=': truncation from 'double' to 'float'
D:\Main\Concordia University\Course Works\Term 5\Comp 371\Assignment 3\Source\A2_team4.cpp(1747,12): warning C4305: '=': truncation from 'double' to 'float'
D:\Main\Concordia University\Course Works\Term 5\Comp 371\Assignment 3\Source\A2_team4.cpp(1747,22): warning C4305: '=': truncation from 'double' to 'float'
D:\Main\Concordia University\Course Works\Term 5\Comp 371\Assignment 3\Source\A2_team4.cpp(1747,32): warning C4305: '=': truncation from 'double' to 'float'
D:\Main\Concordia University\Course Works\Term 5\Comp 371\Assignment 3\Source\A2_team4.cpp(1747,42): warning C4305: '=': truncation from 'double' to 'float'
D:\Main\Concordia University\Course Works\Term 5\Comp 371\Assignment 3\Source\A2_team4.cpp(1750,12): warning C4305: '=': truncation from 'double' to 'float'
D:\Main\Concordia University\Course Works\Term 5\Comp 371\Assignment 3\Source\A2_team4.cpp(1750,22): warning C4305: '=': truncation from 'double' to 'float'
D:\Main\Concordia University\Course Works\Term 5\Comp 371\Assignment 3\Source\A2_team4.cpp(1750,32): warning C4305: '=': truncation from 'double' to 'float'
D:\Main\Concordia University\Course Works\Term 5\Comp 371\Assignment 3\Source\A2_team4.cpp(1750,42): warning C4305: '=': truncation from 'double' to 'float'
D:\Main\Concordia University\Course Works\Term 5\Comp 371\Assignment 3\Source\A2_team4.cpp(1753,12): warning C4305: '=': truncation from 'double' to 'float'
D:\Main\Concordia University\Course Works\Term 5\Comp 371\Assignment 3\Source\A2_team4.cpp(1753,22): warning C4305: '=': truncation from 'double' to 'float'
D:\Main\Concordia University\Course Works\Term 5\Comp 371\Assignment 3\Source\A2_team4.cpp(1753,32): warning C4305: '=': truncation from 'double' to 'float'
D:\Main\Concordia University\Course Works\Term 5\Comp 371\Assignment 3\Source\A2_team4.cpp(1753,42): warning C4305: '=': truncation from 'double' to 'float'
D:\Main\Concordia University\Course Works\Term 5\Comp 371\Assignment 3\Source\A2_team4.cpp(1756,12): warning C4305: '=': truncation from 'double' to 'float'
D:\Main\Concordia University\Course Works\Term 5\Comp 371\Assignment 3\Source\A2_team4.cpp(1756,32): warning C4305: '=': truncation from 'double' to 'float'
D:\Main\Concordia University\Course Works\Term 5\Comp 371\Assignment 3\Source\A2_team4.cpp(1756,42): warning C4305: '=': truncation from 'double' to 'float'
D:\Main\Concordia University\Course Works\Term 5\Comp 371\Assignment 3\Source\A2_team4.cpp(1759,22): warning C4305: '=': truncation from 'double' to 'float'
D:\Main\Concordia University\Course Works\Term 5\Comp 371\Assignment 3\Source\A2_team4.cpp(1759,32): warning C4305: '=': truncation from 'double' to 'float'
D:\Main\Concordia University\Course Works\Term 5\Comp 371\Assignment 3\Source\A2_team4.cpp(1759,42): warning C4305: '=': truncation from 'double' to 'float'
D:\Main\Concordia University\Course Works\Term 5\Comp 371\Assignment 3\Source\A2_team4.cpp(1762,12): warning C4305: '=': truncation from 'double' to 'float'
D:\Main\Concordia University\Course Works\Term 5\Comp 371\Assignment 3\Source\A2_team4.cpp(1762,22): warning C4305: '=': truncation from 'double' to 'float'
D:\Main\Concordia University\Course Works\Term 5\Comp 371\Assignment 3\Source\A2_team4.cpp(1762,32): warning C4305: '=': truncation from 'double' to 'float'
D:\Main\Concordia University\Course Works\Term 5\Comp 371\Assignment 3\Source\A2_team4.cpp(1762,42): warning C4305: '=': truncation from 'double' to 'float'
D:\Main\Concordia University\Course Works\Term 5\Comp 371\Assignment 3\Source\A2_team4.cpp(1765,12): warning C4305: '=': truncation from 'double' to 'float'
D:\Main\Concordia University\Course Works\Term 5\Comp 371\Assignment 3\Source\A2_team4.cpp(1765,22): warning C4305: '=': truncation from 'double' to 'float'
D:\Main\Concordia University\Course Works\Term 5\Comp 371\Assignment 3\Source\A2_team4.cpp(1765,32): warning C4305: '=': truncation from 'double' to 'float'
D:\Main\Concordia University\Course Works\Term 5\Comp 371\Assignment 3\Source\A2_team4.cpp(1765,42): warning C4305: '=': truncation from 'double' to 'float'
D:\Main\Concordia University\Course Works\Term 5\Comp 371\Assignment 3\Source\A2_team4.cpp(1768,12): warning C4305: '=': truncation from 'double' to 'float'
D:\Main\Concordia University\Course Works\Term 5\Comp 371\Assignment 3\Source\A2_team4.cpp(1768,22): warning C4305: '=': truncation from 'double' to 'float'
D:\Main\Concordia University\Course Works\Term 5\Comp 371\Assignment 3\Source\A2_team4.cpp(1768,32): warning C4305: '=': truncation from 'double' to 'float'
D:\Main\Concordia University\Course Works\Term 5\Comp 371\Assignment 3\Source\A2_team4.cpp(1768,42): warning C4305: '=': truncation from 'double' to 'float'
D:\Main\Concordia University\Course Works\Term 5\Comp 371\Assignment 3\Source\A2_team4.cpp(1771,12): warning C4305: '=': truncation from 'double' to 'float'
D:\Main\Concordia University\Course Works\Term 5\Comp 371\Assignment 3\Source\A2_team4.cpp(1771,32): warning C4305: '=': truncation from 'double' to 'float'
D:\Main\Concordia University\Course Works\Term 5\Comp 371\Assignment 3\Source\A2_team4.cpp(1771,42): warning C4305: '=': truncation from 'double' to 'float'
D:\Main\Concordia University\Course Works\Term 5\Comp 371\Assignment 3\Source\A2_team4.cpp(1774,22): warning C4305: '=': truncation from 'double' to 'float'
D:\Main\Concordia University\Course Works\Term 5\Comp 371\Assignment 3\Source\A2_team4.cpp(1774,32): warning C4305: '=': truncation from 'double' to 'float'
D:\Main\Concordia University\Course Works\Term 5\Comp 371\Assignment 3\Source\A2_team4.cpp(1774,42): warning C4305: '=': truncation from 'double' to 'float'
D:\Main\Concordia University\Course Works\Term 5\Comp 371\Assignment 3\Source\A2_team4.cpp(1777,12): warning C4305: '=': truncation from 'double' to 'float'
D:\Main\Concordia University\Course Works\Term 5\Comp 371\Assignment 3\Source\A2_team4.cpp(1777,22): warning C4305: '=': truncation from 'double' to 'float'
D:\Main\Concordia University\Course Works\Term 5\Comp 371\Assignment 3\Source\A2_team4.cpp(1777,32): warning C4305: '=': truncation from 'double' to 'float'
D:\Main\Concordia University\Course Works\Term 5\Comp 371\Assignment 3\Source\A2_team4.cpp(1777,42): warning C4305: '=': truncation from 'double' to 'float'
D:\Main\Concordia University\Course Works\Term 5\Comp 371\Assignment 3\Source\A2_team4.cpp(1780,12): warning C4305: '=': truncation from 'double' to 'float'
D:\Main\Concordia University\Course Works\Term 5\Comp 371\Assignment 3\Source\A2_team4.cpp(1780,22): warning C4305: '=': truncation from 'double' to 'float'
D:\Main\Concordia University\Course Works\Term 5\Comp 371\Assignment 3\Source\A2_team4.cpp(1780,32): warning C4305: '=': truncation from 'double' to 'float'
D:\Main\Concordia University\Course Works\Term 5\Comp 371\Assignment 3\Source\A2_team4.cpp(1780,42): warning C4305: '=': truncation from 'double' to 'float'
D:\Main\Concordia University\Course Works\Term 5\Comp 371\Assignment 3\Source\A2_team4.cpp(1783,12): warning C4305: '=': truncation from 'double' to 'float'
D:\Main\Concordia University\Course Works\Term 5\Comp 371\Assignment 3\Source\A2_team4.cpp(1783,22): warning C4305: '=': truncation from 'double' to 'float'
D:\Main\Concordia University\Course Works\Term 5\Comp 371\Assignment 3\Source\A2_team4.cpp(1783,32): warning C4305: '=': truncation from 'double' to 'float'
D:\Main\Concordia University\Course Works\Term 5\Comp 371\Assignment 3\Source\A2_team4.cpp(1783,42): warning C4305: '=': truncation from 'double' to 'float'
D:\Main\Concordia University\Course Works\Term 5\Comp 371\Assignment 3\Source\A2_team4.cpp(1786,12): warning C4305: '=': truncation from 'double' to 'float'
D:\Main\Concordia University\Course Works\Term 5\Comp 371\Assignment 3\Source\A2_team4.cpp(1786,32): warning C4305: '=': truncation from 'double' to 'float'
D:\Main\Concordia University\Course Works\Term 5\Comp 371\Assignment 3\Source\A2_team4.cpp(1786,42): warning C4305: '=': truncation from 'double' to 'float'
D:\Main\Concordia University\Course Works\Term 5\Comp 371\Assignment 3\Source\A2_team4.cpp(1789,22): warning C4305: '=': truncation from 'double' to 'float'
D:\Main\Concordia University\Course Works\Term 5\Comp 371\Assignment 3\Source\A2_team4.cpp(1789,32): warning C4305: '=': truncation from 'double' to 'float'
D:\Main\Concordia University\Course Works\Term 5\Comp 371\Assignment 3\Source\A2_team4.cpp(1792,12): warning C4305: '=': truncation from 'double' to 'float'
D:\Main\Concordia University\Course Works\Term 5\Comp 371\Assignment 3\Source\A2_team4.cpp(1792,22): warning C4305: '=': truncation from 'double' to 'float'
D:\Main\Concordia University\Course Works\Term 5\Comp 371\Assignment 3\Source\A2_team4.cpp(1792,32): warning C4305: '=': truncation from 'double' to 'float'
D:\Main\Concordia University\Course Works\Term 5\Comp 371\Assignment 3\Source\A2_team4.cpp(1795,12): warning C4305: '=': truncation from 'double' to 'float'
D:\Main\Concordia University\Course Works\Term 5\Comp 371\Assignment 3\Source\A2_team4.cpp(1795,22): warning C4305: '=': truncation from 'double' to 'float'
D:\Main\Concordia University\Course Works\Term 5\Comp 371\Assignment 3\Source\A2_team4.cpp(1795,32): warning C4305: '=': truncation from 'double' to 'float'
D:\Main\Concordia University\Course Works\Term 5\Comp 371\Assignment 3\Source\A2_team4.cpp(1798,12): warning C4305: '=': truncation from 'double' to 'float'
D:\Main\Concordia University\Course Works\Term 5\Comp 371\Assignment 3\Source\A2_team4.cpp(1798,22): warning C4305: '=': truncation from 'double' to 'float'
D:\Main\Concordia University\Course Works\Term 5\Comp 371\Assignment 3\Source\A2_team4.cpp(1798,32): warning C4305: '=': truncation from 'double' to 'float'
D:\Main\Concordia University\Course Works\Term 5\Comp 371\Assignment 3\Source\A2_team4.cpp(1801,12): warning C4305: '=': truncation from 'double' to 'float'
D:\Main\Concordia University\Course Works\Term 5\Comp 371\Assignment 3\Source\A2_team4.cpp(1801,32): warning C4305: '=': truncation from 'double' to 'float'
D:\Main\Concordia University\Course Works\Term 5\Comp 371\Assignment 3\Source\A2_team4.cpp(1804,22): warning C4305: '=': truncation from 'double' to 'float'
D:\Main\Concordia University\Course Works\Term 5\Comp 371\Assignment 3\Source\A2_team4.cpp(1804,32): warning C4305: '=': truncation from 'double' to 'float'
D:\Main\Concordia University\Course Works\Term 5\Comp 371\Assignment 3\Source\A2_team4.cpp(1807,12): warning C4305: '=': truncation from 'double' to 'float'
D:\Main\Concordia University\Course Works\Term 5\Comp 371\Assignment 3\Source\A2_team4.cpp(1807,22): warning C4305: '=': truncation from 'double' to 'float'
D:\Main\Concordia University\Course Works\Term 5\Comp 371\Assignment 3\Source\A2_team4.cpp(1807,32): warning C4305: '=': truncation from 'double' to 'float'
D:\Main\Concordia University\Course Works\Term 5\Comp 371\Assignment 3\Source\A2_team4.cpp(1810,12): warning C4305: '=': truncation from 'double' to 'float'
D:\Main\Concordia University\Course Works\Term 5\Comp 371\Assignment 3\Source\A2_team4.cpp(1810,22): warning C4305: '=': truncation from 'double' to 'float'
D:\Main\Concordia University\Course Works\Term 5\Comp 371\Assignment 3\Source\A2_team4.cpp(1810,32): warning C4305: '=': truncation from 'double' to 'float'
D:\Main\Concordia University\Course Works\Term 5\Comp 371\Assignment 3\Source\A2_team4.cpp(1813,12): warning C4305: '=': truncation from 'double' to 'float'
D:\Main\Concordia University\Course Works\Term 5\Comp 371\Assignment 3\Source\A2_team4.cpp(1813,22): warning C4305: '=': truncation from 'double' to 'float'
D:\Main\Concordia University\Course Works\Term 5\Comp 371\Assignment 3\Source\A2_team4.cpp(1813,32): warning C4305: '=': truncation from 'double' to 'float'
D:\Main\Concordia University\Course Works\Term 5\Comp 371\Assignment 3\Source\A2_team4.cpp(1816,12): warning C4305: '=': truncation from 'double' to 'float'
D:\Main\Concordia University\Course Works\Term 5\Comp 371\Assignment 3\Source\A2_team4.cpp(1816,32): warning C4305: '=': truncation from 'double' to 'float'
D:\Main\Concordia University\Course Works\Term 5\Comp 371\Assignment 3\Source\A2_team4.cpp(1819,22): warning C4305: '=': truncation from 'double' to 'float'
D:\Main\Concordia University\Course Works\Term 5\Comp 371\Assignment 3\Source\A2_team4.cpp(1819,42): warning C4305: '=': truncation from 'double' to 'float'
D:\Main\Concordia University\Course Works\Term 5\Comp 371\Assignment 3\Source\A2_team4.cpp(1822,12): warning C4305: '=': truncation from 'double' to 'float'
D:\Main\Concordia University\Course Works\Term 5\Comp 371\Assignment 3\Source\A2_team4.cpp(1822,22): warning C4305: '=': truncation from 'double' to 'float'
D:\Main\Concordia University\Course Works\Term 5\Comp 371\Assignment 3\Source\A2_team4.cpp(1822,42): warning C4305: '=': truncation from 'double' to 'float'
D:\Main\Concordia University\Course Works\Term 5\Comp 371\Assignment 3\Source\A2_team4.cpp(1825,12): warning C4305: '=': truncation from 'double' to 'float'
D:\Main\Concordia University\Course Works\Term 5\Comp 371\Assignment 3\Source\A2_team4.cpp(1825,22): warning C4305: '=': truncation from 'double' to 'float'
D:\Main\Concordia University\Course Works\Term 5\Comp 371\Assignment 3\Source\A2_team4.cpp(1825,42): warning C4305: '=': truncation from 'double' to 'float'
D:\Main\Concordia University\Course Works\Term 5\Comp 371\Assignment 3\Source\A2_team4.cpp(1828,12): warning C4305: '=': truncation from 'double' to 'float'
D:\Main\Concordia University\Course Works\Term 5\Comp 371\Assignment 3\Source\A2_team4.cpp(1828,22): warning C4305: '=': truncation from 'double' to 'float'
D:\Main\Concordia University\Course Works\Term 5\Comp 371\Assignment 3\Source\A2_team4.cpp(1828,42): warning C4305: '=': truncation from 'double' to 'float'
D:\Main\Concordia University\Course Works\Term 5\Comp 371\Assignment 3\Source\A2_team4.cpp(1831,12): warning C4305: '=': truncation from 'double' to 'float'
D:\Main\Concordia University\Course Works\Term 5\Comp 371\Assignment 3\Source\A2_team4.cpp(1831,42): warning C4305: '=': truncation from 'double' to 'float'
D:\Main\Concordia University\Course Works\Term 5\Comp 371\Assignment 3\Source\A2_team4.cpp(1834,22): warning C4305: '=': truncation from 'double' to 'float'
D:\Main\Concordia University\Course Works\Term 5\Comp 371\Assignment 3\Source\A2_team4.cpp(1834,42): warning C4305: '=': truncation from 'double' to 'float'
D:\Main\Concordia University\Course Works\Term 5\Comp 371\Assignment 3\Source\A2_team4.cpp(1837,12): warning C4305: '=': truncation from 'double' to 'float'
D:\Main\Concordia University\Course Works\Term 5\Comp 371\Assignment 3\Source\A2_team4.cpp(1837,22): warning C4305: '=': truncation from 'double' to 'float'
D:\Main\Concordia University\Course Works\Term 5\Comp 371\Assignment 3\Source\A2_team4.cpp(1837,42): warning C4305: '=': truncation from 'double' to 'float'
D:\Main\Concordia University\Course Works\Term 5\Comp 371\Assignment 3\Source\A2_team4.cpp(1840,12): warning C4305: '=': truncation from 'double' to 'float'
D:\Main\Concordia University\Course Works\Term 5\Comp 371\Assignment 3\Source\A2_team4.cpp(1840,22): warning C4305: '=': truncation from 'double' to 'float'
D:\Main\Concordia University\Course Works\Term 5\Comp 371\Assignment 3\Source\A2_team4.cpp(1840,42): warning C4305: '=': truncation from 'double' to 'float'
D:\Main\Concordia University\Course Works\Term 5\Comp 371\Assignment 3\Source\A2_team4.cpp(1843,12): warning C4305: '=': truncation from 'double' to 'float'
D:\Main\Concordia University\Course Works\Term 5\Comp 371\Assignment 3\Source\A2_team4.cpp(1843,22): warning C4305: '=': truncation from 'double' to 'float'
D:\Main\Concordia University\Course Works\Term 5\Comp 371\Assignment 3\Source\A2_team4.cpp(1843,42): warning C4305: '=': truncation from 'double' to 'float'
D:\Main\Concordia University\Course Works\Term 5\Comp 371\Assignment 3\Source\A2_team4.cpp(1846,12): warning C4305: '=': truncation from 'double' to 'float'
D:\Main\Concordia University\Course Works\Term 5\Comp 371\Assignment 3\Source\A2_team4.cpp(1846,42): warning C4305: '=': truncation from 'double' to 'float'
D:\Main\Concordia University\Course Works\Term 5\Comp 371\Assignment 3\Source\A2_team4.cpp(1849,22): warning C4305: '=': truncation from 'double' to 'float'
D:\Main\Concordia University\Course Works\Term 5\Comp 371\Assignment 3\Source\A2_team4.cpp(1849,32): warning C4305: '=': truncation from 'double' to 'float'
D:\Main\Concordia University\Course Works\Term 5\Comp 371\Assignment 3\Source\A2_team4.cpp(1849,42): warning C4305: '=': truncation from 'double' to 'float'
D:\Main\Concordia University\Course Works\Term 5\Comp 371\Assignment 3\Source\A2_team4.cpp(1852,12): warning C4305: '=': truncation from 'double' to 'float'
D:\Main\Concordia University\Course Works\Term 5\Comp 371\Assignment 3\Source\A2_team4.cpp(1852,22): warning C4305: '=': truncation from 'double' to 'float'
D:\Main\Concordia University\Course Works\Term 5\Comp 371\Assignment 3\Source\A2_team4.cpp(1852,32): warning C4305: '=': truncation from 'double' to 'float'
D:\Main\Concordia University\Course Works\Term 5\Comp 371\Assignment 3\Source\A2_team4.cpp(1852,42): warning C4305: '=': truncation from 'double' to 'float'
D:\Main\Concordia University\Course Works\Term 5\Comp 371\Assignment 3\Source\A2_team4.cpp(1855,12): warning C4305: '=': truncation from 'double' to 'float'
D:\Main\Concordia University\Course Works\Term 5\Comp 371\Assignment 3\Source\A2_team4.cpp(1855,22): warning C4305: '=': truncation from 'double' to 'float'
D:\Main\Concordia University\Course Works\Term 5\Comp 371\Assignment 3\Source\A2_team4.cpp(1855,32): warning C4305: '=': truncation from 'double' to 'float'
D:\Main\Concordia University\Course Works\Term 5\Comp 371\Assignment 3\Source\A2_team4.cpp(1855,42): warning C4305: '=': truncation from 'double' to 'float'
D:\Main\Concordia University\Course Works\Term 5\Comp 371\Assignment 3\Source\A2_team4.cpp(1858,12): warning C4305: '=': truncation from 'double' to 'float'
D:\Main\Concordia University\Course Works\Term 5\Comp 371\Assignment 3\Source\A2_team4.cpp(1858,22): warning C4305: '=': truncation from 'double' to 'float'
D:\Main\Concordia University\Course Works\Term 5\Comp 371\Assignment 3\Source\A2_team4.cpp(1858,32): warning C4305: '=': truncation from 'double' to 'float'
D:\Main\Concordia University\Course Works\Term 5\Comp 371\Assignment 3\Source\A2_team4.cpp(1858,42): warning C4305: '=': truncation from 'double' to 'float'
D:\Main\Concordia University\Course Works\Term 5\Comp 371\Assignment 3\Source\A2_team4.cpp(1861,12): warning C4305: '=': truncation from 'double' to 'float'
D:\Main\Concordia University\Course Works\Term 5\Comp 371\Assignment 3\Source\A2_team4.cpp(1861,32): warning C4305: '=': truncation from 'double' to 'float'
D:\Main\Concordia University\Course Works\Term 5\Comp 371\Assignment 3\Source\A2_team4.cpp(1861,42): warning C4305: '=': truncation from 'double' to 'float'
D:\Main\Concordia University\Course Works\Term 5\Comp 371\Assignment 3\Source\A2_team4.cpp(1864,22): warning C4305: '=': truncation from 'double' to 'float'
D:\Main\Concordia University\Course Works\Term 5\Comp 371\Assignment 3\Source\A2_team4.cpp(1864,32): warning C4305: '=': truncation from 'double' to 'float'
D:\Main\Concordia University\Course Works\Term 5\Comp 371\Assignment 3\Source\A2_team4.cpp(1864,42): warning C4305: '=': truncation from 'double' to 'float'
D:\Main\Concordia University\Course Works\Term 5\Comp 371\Assignment 3\Source\A2_team4.cpp(1867,12): warning C4305: '=': truncation from 'double' to 'float'
D:\Main\Concordia University\Course Works\Term 5\Comp 371\Assignment 3\Source\A2_team4.cpp(1867,22): warning C4305: '=': truncation from 'double' to 'float'
D:\Main\Concordia University\Course Works\Term 5\Comp 371\Assignment 3\Source\A2_team4.cpp(1867,32): warning C4305: '=': truncation from 'double' to 'float'
D:\Main\Concordia University\Course Works\Term 5\Comp 371\Assignment 3\Source\A2_team4.cpp(1867,42): warning C4305: '=': truncation from 'double' to 'float'
D:\Main\Concordia University\Course Works\Term 5\Comp 371\Assignment 3\Source\A2_team4.cpp(1870,12): warning C4305: '=': truncation from 'double' to 'float'
D:\Main\Concordia University\Course Works\Term 5\Comp 371\Assignment 3\Source\A2_team4.cpp(1870,22): warning C4305: '=': truncation from 'double' to 'float'
D:\Main\Concordia University\Course Works\Term 5\Comp 371\Assignment 3\Source\A2_team4.cpp(1870,32): warning C4305: '=': truncation from 'double' to 'float'
D:\Main\Concordia University\Course Works\Term 5\Comp 371\Assignment 3\Source\A2_team4.cpp(1870,42): warning C4305: '=': truncation from 'double' to 'float'
D:\Main\Concordia University\Course Works\Term 5\Comp 371\Assignment 3\Source\A2_team4.cpp(1873,12): warning C4305: '=': truncation from 'double' to 'float'
D:\Main\Concordia University\Course Works\Term 5\Comp 371\Assignment 3\Source\A2_team4.cpp(1873,22): warning C4305: '=': truncation from 'double' to 'float'
D:\Main\Concordia University\Course Works\Term 5\Comp 371\Assignment 3\Source\A2_team4.cpp(1873,32): warning C4305: '=': truncation from 'double' to 'float'
D:\Main\Concordia University\Course Works\Term 5\Comp 371\Assignment 3\Source\A2_team4.cpp(1873,42): warning C4305: '=': truncation from 'double' to 'float'
D:\Main\Concordia University\Course Works\Term 5\Comp 371\Assignment 3\Source\A2_team4.cpp(1876,12): warning C4305: '=': truncation from 'double' to 'float'
D:\Main\Concordia University\Course Works\Term 5\Comp 371\Assignment 3\Source\A2_team4.cpp(1876,32): warning C4305: '=': truncation from 'double' to 'float'
D:\Main\Concordia University\Course Works\Term 5\Comp 371\Assignment 3\Source\A2_team4.cpp(1876,42): warning C4305: '=': truncation from 'double' to 'float'
D:\Main\Concordia University\Course Works\Term 5\Comp 371\Assignment 3\Source\A2_team4.cpp(1879,22): warning C4305: '=': truncation from 'double' to 'float'
D:\Main\Concordia University\Course Works\Term 5\Comp 371\Assignment 3\Source\A2_team4.cpp(1879,32): warning C4305: '=': truncation from 'double' to 'float'
D:\Main\Concordia University\Course Works\Term 5\Comp 371\Assignment 3\Source\A2_team4.cpp(1879,42): warning C4305: '=': truncation from 'double' to 'float'
D:\Main\Concordia University\Course Works\Term 5\Comp 371\Assignment 3\Source\A2_team4.cpp(1882,12): warning C4305: '=': truncation from 'double' to 'float'
D:\Main\Concordia University\Course Works\Term 5\Comp 371\Assignment 3\Source\A2_team4.cpp(1882,22): warning C4305: '=': truncation from 'double' to 'float'
D:\Main\Concordia University\Course Works\Term 5\Comp 371\Assignment 3\Source\A2_team4.cpp(1882,32): warning C4305: '=': truncation from 'double' to 'float'
D:\Main\Concordia University\Course Works\Term 5\Comp 371\Assignment 3\Source\A2_team4.cpp(1882,42): warning C4305: '=': truncation from 'double' to 'float'
D:\Main\Concordia University\Course Works\Term 5\Comp 371\Assignment 3\Source\A2_team4.cpp(1885,12): warning C4305: '=': truncation from 'double' to 'float'
D:\Main\Concordia University\Course Works\Term 5\Comp 371\Assignment 3\Source\A2_team4.cpp(1885,22): warning C4305: '=': truncation from 'double' to 'float'
D:\Main\Concordia University\Course Works\Term 5\Comp 371\Assignment 3\Source\A2_team4.cpp(1885,32): warning C4305: '=': truncation from 'double' to 'float'
D:\Main\Concordia University\Course Works\Term 5\Comp 371\Assignment 3\Source\A2_team4.cpp(1885,42): warning C4305: '=': truncation from 'double' to 'float'
D:\Main\Concordia University\Course Works\Term 5\Comp 371\Assignment 3\Source\A2_team4.cpp(1888,12): warning C4305: '=': truncation from 'double' to 'float'
D:\Main\Concordia University\Course Works\Term 5\Comp 371\Assignment 3\Source\A2_team4.cpp(1888,22): warning C4305: '=': truncation from 'double' to 'float'
D:\Main\Concordia University\Course Works\Term 5\Comp 371\Assignment 3\Source\A2_team4.cpp(1888,32): warning C4305: '=': truncation from 'double' to 'float'
D:\Main\Concordia University\Course Works\Term 5\Comp 371\Assignment 3\Source\A2_team4.cpp(1888,42): warning C4305: '=': truncation from 'double' to 'float'
D:\Main\Concordia University\Course Works\Term 5\Comp 371\Assignment 3\Source\A2_team4.cpp(1891,12): warning C4305: '=': truncation from 'double' to 'float'
D:\Main\Concordia University\Course Works\Term 5\Comp 371\Assignment 3\Source\A2_team4.cpp(1891,32): warning C4305: '=': truncation from 'double' to 'float'
D:\Main\Concordia University\Course Works\Term 5\Comp 371\Assignment 3\Source\A2_team4.cpp(1891,42): warning C4305: '=': truncation from 'double' to 'float'
D:\Main\Concordia University\Course Works\Term 5\Comp 371\Assignment 3\Source\A2_team4.cpp(1894,22): warning C4305: '=': truncation from 'double' to 'float'
D:\Main\Concordia University\Course Works\Term 5\Comp 371\Assignment 3\Source\A2_team4.cpp(1894,32): warning C4305: '=': truncation from 'double' to 'float'
D:\Main\Concordia University\Course Works\Term 5\Comp 371\Assignment 3\Source\A2_team4.cpp(1894,42): warning C4305: '=': truncation from 'double' to 'float'
D:\Main\Concordia University\Course Works\Term 5\Comp 371\Assignment 3\Source\A2_team4.cpp(1897,12): warning C4305: '=': truncation from 'double' to 'float'
D:\Main\Concordia University\Course Works\Term 5\Comp 371\Assignment 3\Source\A2_team4.cpp(1897,22): warning C4305: '=': truncation from 'double' to 'float'
D:\Main\Concordia University\Course Works\Term 5\Comp 371\Assignment 3\Source\A2_team4.cpp(1897,32): warning C4305: '=': truncation from 'double' to 'float'
D:\Main\Concordia University\Course Works\Term 5\Comp 371\Assignment 3\Source\A2_team4.cpp(1897,42): warning C4305: '=': truncation from 'double' to 'float'
D:\Main\Concordia University\Course Works\Term 5\Comp 371\Assignment 3\Source\A2_team4.cpp(1900,12): warning C4305: '=': truncation from 'double' to 'float'
D:\Main\Concordia University\Course Works\Term 5\Comp 371\Assignment 3\Source\A2_team4.cpp(1900,22): warning C4305: '=': truncation from 'double' to 'float'
D:\Main\Concordia University\Course Works\Term 5\Comp 371\Assignment 3\Source\A2_team4.cpp(1900,32): warning C4305: '=': truncation from 'double' to 'float'
D:\Main\Concordia University\Course Works\Term 5\Comp 371\Assignment 3\Source\A2_team4.cpp(1900,42): warning C4305: '=': truncation from 'double' to 'float'
D:\Main\Concordia University\Course Works\Term 5\Comp 371\Assignment 3\Source\A2_team4.cpp(1903,12): warning C4305: '=': truncation from 'double' to 'float'
D:\Main\Concordia University\Course Works\Term 5\Comp 371\Assignment 3\Source\A2_team4.cpp(1903,22): warning C4305: '=': truncation from 'double' to 'float'
D:\Main\Concordia University\Course Works\Term 5\Comp 371\Assignment 3\Source\A2_team4.cpp(1903,32): warning C4305: '=': truncation from 'double' to 'float'
D:\Main\Concordia University\Course Works\Term 5\Comp 371\Assignment 3\Source\A2_team4.cpp(1903,42): warning C4305: '=': truncation from 'double' to 'float'
D:\Main\Concordia University\Course Works\Term 5\Comp 371\Assignment 3\Source\A2_team4.cpp(1906,12): warning C4305: '=': truncation from 'double' to 'float'
D:\Main\Concordia University\Course Works\Term 5\Comp 371\Assignment 3\Source\A2_team4.cpp(1906,32): warning C4305: '=': truncation from 'double' to 'float'
D:\Main\Concordia University\Course Works\Term 5\Comp 371\Assignment 3\Source\A2_team4.cpp(1906,42): warning C4305: '=': truncation from 'double' to 'float'
D:\Main\Concordia University\Course Works\Term 5\Comp 371\Assignment 3\Source\A2_team4.cpp(1909,22): warning C4305: '=': truncation from 'double' to 'float'
D:\Main\Concordia University\Course Works\Term 5\Comp 371\Assignment 3\Source\A2_team4.cpp(1909,32): warning C4305: '=': truncation from 'double' to 'float'
D:\Main\Concordia University\Course Works\Term 5\Comp 371\Assignment 3\Source\A2_team4.cpp(1909,42): warning C4305: '=': truncation from 'double' to 'float'
D:\Main\Concordia University\Course Works\Term 5\Comp 371\Assignment 3\Source\A2_team4.cpp(1912,12): warning C4305: '=': truncation from 'double' to 'float'
D:\Main\Concordia University\Course Works\Term 5\Comp 371\Assignment 3\Source\A2_team4.cpp(1912,22): warning C4305: '=': truncation from 'double' to 'float'
D:\Main\Concordia University\Course Works\Term 5\Comp 371\Assignment 3\Source\A2_team4.cpp(1912,32): warning C4305: '=': truncation from 'double' to 'float'
D:\Main\Concordia University\Course Works\Term 5\Comp 371\Assignment 3\Source\A2_team4.cpp(1912,42): warning C4305: '=': truncation from 'double' to 'float'
D:\Main\Concordia University\Course Works\Term 5\Comp 371\Assignment 3\Source\A2_team4.cpp(1915,12): warning C4305: '=': truncation from 'double' to 'float'
D:\Main\Concordia University\Course Works\Term 5\Comp 371\Assignment 3\Source\A2_team4.cpp(1915,22): warning C4305: '=': truncation from 'double' to 'float'
D:\Main\Concordia University\Course Works\Term 5\Comp 371\Assignment 3\Source\A2_team4.cpp(1915,32): warning C4305: '=': truncation from 'double' to 'float'
D:\Main\Concordia University\Course Works\Term 5\Comp 371\Assignment 3\Source\A2_team4.cpp(1915,42): warning C4305: '=': truncation from 'double' to 'float'
D:\Main\Concordia University\Course Works\Term 5\Comp 371\Assignment 3\Source\A2_team4.cpp(1918,12): warning C4305: '=': truncation from 'double' to 'float'
D:\Main\Concordia University\Course Works\Term 5\Comp 371\Assignment 3\Source\A2_team4.cpp(1918,22): warning C4305: '=': truncation from 'double' to 'float'
D:\Main\Concordia University\Course Works\Term 5\Comp 371\Assignment 3\Source\A2_team4.cpp(1918,32): warning C4305: '=': truncation from 'double' to 'float'
D:\Main\Concordia University\Course Works\Term 5\Comp 371\Assignment 3\Source\A2_team4.cpp(1918,42): warning C4305: '=': truncation from 'double' to 'float'
D:\Main\Concordia University\Course Works\Term 5\Comp 371\Assignment 3\Source\A2_team4.cpp(1921,12): warning C4305: '=': truncation from 'double' to 'float'
D:\Main\Concordia University\Course Works\Term 5\Comp 371\Assignment 3\Source\A2_team4.cpp(1921,32): warning C4305: '=': truncation from 'double' to 'float'
D:\Main\Concordia University\Course Works\Term 5\Comp 371\Assignment 3\Source\A2_team4.cpp(1921,42): warning C4305: '=': truncation from 'double' to 'float'
D:\Main\Concordia University\Course Works\Term 5\Comp 371\Assignment 3\Source\A2_team4.cpp(1924,22): warning C4305: '=': truncation from 'double' to 'float'
D:\Main\Concordia University\Course Works\Term 5\Comp 371\Assignment 3\Source\A2_team4.cpp(1924,32): warning C4305: '=': truncation from 'double' to 'float'
D:\Main\Concordia University\Course Works\Term 5\Comp 371\Assignment 3\Source\A2_team4.cpp(1924,42): warning C4305: '=': truncation from 'double' to 'float'
D:\Main\Concordia University\Course Works\Term 5\Comp 371\Assignment 3\Source\A2_team4.cpp(1927,12): warning C4305: '=': truncation from 'double' to 'float'
D:\Main\Concordia University\Course Works\Term 5\Comp 371\Assignment 3\Source\A2_team4.cpp(1927,22): warning C4305: '=': truncation from 'double' to 'float'
D:\Main\Concordia University\Course Works\Term 5\Comp 371\Assignment 3\Source\A2_team4.cpp(1927,32): warning C4305: '=': truncation from 'double' to 'float'
D:\Main\Concordia University\Course Works\Term 5\Comp 371\Assignment 3\Source\A2_team4.cpp(1927,42): warning C4305: '=': truncation from 'double' to 'float'
D:\Main\Concordia University\Course Works\Term 5\Comp 371\Assignment 3\Source\A2_team4.cpp(1930,12): warning C4305: '=': truncation from 'double' to 'float'
D:\Main\Concordia University\Course Works\Term 5\Comp 371\Assignment 3\Source\A2_team4.cpp(1930,22): warning C4305: '=': truncation from 'double' to 'float'
D:\Main\Concordia University\Course Works\Term 5\Comp 371\Assignment 3\Source\A2_team4.cpp(1930,32): warning C4305: '=': truncation from 'double' to 'float'
D:\Main\Concordia University\Course Works\Term 5\Comp 371\Assignment 3\Source\A2_team4.cpp(1930,42): warning C4305: '=': truncation from 'double' to 'float'
D:\Main\Concordia University\Course Works\Term 5\Comp 371\Assignment 3\Source\A2_team4.cpp(1933,12): warning C4305: '=': truncation from 'double' to 'float'
D:\Main\Concordia University\Course Works\Term 5\Comp 371\Assignment 3\Source\A2_team4.cpp(1933,22): warning C4305: '=': truncation from 'double' to 'float'
D:\Main\Concordia University\Course Works\Term 5\Comp 371\Assignment 3\Source\A2_team4.cpp(1933,32): warning C4305: '=': truncation from 'double' to 'float'
D:\Main\Concordia University\Course Works\Term 5\Comp 371\Assignment 3\Source\A2_team4.cpp(1933,42): warning C4305: '=': truncation from 'double' to 'float'
D:\Main\Concordia University\Course Works\Term 5\Comp 371\Assignment 3\Source\A2_team4.cpp(1936,12): warning C4305: '=': truncation from 'double' to 'float'
D:\Main\Concordia University\Course Works\Term 5\Comp 371\Assignment 3\Source\A2_team4.cpp(1936,32): warning C4305: '=': truncation from 'double' to 'float'
D:\Main\Concordia University\Course Works\Term 5\Comp 371\Assignment 3\Source\A2_team4.cpp(1936,42): warning C4305: '=': truncation from 'double' to 'float'
D:\Main\Concordia University\Course Works\Term 5\Comp 371\Assignment 3\Source\A2_team4.cpp(1939,22): warning C4305: '=': truncation from 'double' to 'float'
D:\Main\Concordia University\Course Works\Term 5\Comp 371\Assignment 3\Source\A2_team4.cpp(1939,32): warning C4305: '=': truncation from 'double' to 'float'
D:\Main\Concordia University\Course Works\Term 5\Comp 371\Assignment 3\Source\A2_team4.cpp(1942,12): warning C4305: '=': truncation from 'double' to 'float'
D:\Main\Concordia University\Course Works\Term 5\Comp 371\Assignment 3\Source\A2_team4.cpp(1942,22): warning C4305: '=': truncation from 'double' to 'float'
D:\Main\Concordia University\Course Works\Term 5\Comp 371\Assignment 3\Source\A2_team4.cpp(1942,32): warning C4305: '=': truncation from 'double' to 'float'
D:\Main\Concordia University\Course Works\Term 5\Comp 371\Assignment 3\Source\A2_team4.cpp(1945,12): warning C4305: '=': truncation from 'double' to 'float'
D:\Main\Concordia University\Course Works\Term 5\Comp 371\Assignment 3\Source\A2_team4.cpp(1945,22): warning C4305: '=': truncation from 'double' to 'float'
D:\Main\Concordia University\Course Works\Term 5\Comp 371\Assignment 3\Source\A2_team4.cpp(1945,32): warning C4305: '=': truncation from 'double' to 'float'
D:\Main\Concordia University\Course Works\Term 5\Comp 371\Assignment 3\Source\A2_team4.cpp(1948,12): warning C4305: '=': truncation from 'double' to 'float'
D:\Main\Concordia University\Course Works\Term 5\Comp 371\Assignment 3\Source\A2_team4.cpp(1948,22): warning C4305: '=': truncation from 'double' to 'float'
D:\Main\Concordia University\Course Works\Term 5\Comp 371\Assignment 3\Source\A2_team4.cpp(1948,32): warning C4305: '=': truncation from 'double' to 'float'
D:\Main\Concordia University\Course Works\Term 5\Comp 371\Assignment 3\Source\A2_team4.cpp(1951,12): warning C4305: '=': truncation from 'double' to 'float'
D:\Main\Concordia University\Course Works\Term 5\Comp 371\Assignment 3\Source\A2_team4.cpp(1951,32): warning C4305: '=': truncation from 'double' to 'float'
D:\Main\Concordia University\Course Works\Term 5\Comp 371\Assignment 3\Source\A2_team4.cpp(1956,19): warning C4244: '=': conversion from 'double' to 'T', possible loss of data
          with
          [
              T=float
          ]
D:\Main\Concordia University\Course Works\Term 5\Comp 371\Assignment 3\Source\A2_team4.cpp(2090,12): warning C4244: '=': conversion from 'double' to 'int', possible loss of data
D:\Main\Concordia University\Course Works\Term 5\Comp 371\Assignment 3\Source\A2_team4.cpp(2238,65): warning C4305: 'argument': truncation from 'double' to 'float'
D:\Main\Concordia University\Course Works\Term 5\Comp 371\Assignment 3\Source\A2_team4.cpp(2239,70): warning C4305: 'argument': truncation from 'double' to 'float'
D:\Main\Concordia University\Course Works\Term 5\Comp 371\Assignment 3\Source\A2_team4.cpp(2240,68): warning C4305: 'argument': truncation from 'double' to 'float'
D:\Main\Concordia University\Course Works\Term 5\Comp 371\Assignment 3\Source\A2_team4.cpp(2241,68): warning C4305: 'argument': truncation from 'double' to 'float'
D:\Main\Concordia University\Course Works\Term 5\Comp 371\Assignment 3\Source\A2_team4.cpp(2244,79): warning C4305: 'argument': truncation from 'double' to 'float'
D:\Main\Concordia University\Course Works\Term 5\Comp 371\Assignment 3\Source\A2_team4.cpp(2248,71): warning C4305: 'argument': truncation from 'double' to 'float'
D:\Main\Concordia University\Course Works\Term 5\Comp 371\Assignment 3\Source\A2_team4.cpp(2249,70): warning C4305: 'argument': truncation from 'double' to 'float'
D:\Main\Concordia University\Course Works\Term 5\Comp 371\Assignment 3\Source\A2_team4.cpp(2250,73): warning C4305: 'argument': truncation from 'double' to 'float'
D:\Main\Concordia University\Course Works\Term 5\Comp 371\Assignment 3\Source\A2_team4.cpp(2251,72): warning C4305: 'argument': truncation from 'double' to 'float'
LINK : warning LNK4098: defaultlib 'LIBCMT' conflicts with use of other libs; use /NODEFAULTLIB:library
LINK : warning LNK4098: defaultlib 'MSVCRT' conflicts with use of other libs; use /NODEFAULTLIB:library
LINK : warning LNK4217: symbol '___glewGenerateMipmap' defined in 'glew32s.lib(glew.obj)' is imported by 'Model.obj' in function '"unsigned int __cdecl TextureFromFile(char const *,class std::basic_string<char,struct std::char_traits<char>,class std::allocator<char> > const &,bool)" (?TextureFromFile@@YAIPBDABV?$basic_string@DU?$char_traits@D@std@@V?$allocator@D@2@@std@@_N@Z)'
glew32s.lib(glew.obj) : warning LNK4099: PDB 'vc120.pdb' was not found with 'glew32s.lib(glew.obj)' or at 'D:\Main\Concordia University\Course Works\Term 5\Comp 371\Assignment 3\Bin\vc120.pdb'; linking object as if no debug info
  Labs.vcxproj -> D:\Main\Concordia University\Course Works\Term 5\Comp 371\Assignment 3\Bin\Labs-Debug.exe
